2020-05-25 11:27:54,560 - __main__ - INFO - Start
2020-05-25 11:27:54,560 - __main__ - INFO - Connecting KAC_JAV-1 DEV-1-1
2020-05-25 11:27:57,244 - __main__ - INFO - Get MCM7500 spcific information.
2020-05-25 11:27:59,388 - __main__ - INFO - Count: 1
2020-05-25 11:27:59,389 - __main__ - INFO - Connecting KAC_JAV-1 DEV-1-2
2020-05-25 11:28:02,043 - __main__ - INFO - Get MCM7500 spcific information.
2020-05-25 11:28:02,975 - __main__ - INFO - Count: 2
2020-05-25 11:28:02,975 - __main__ - INFO - Connecting KAC_JAV-1 DEV-1-3
2020-05-25 11:28:06,711 - __main__ - INFO - Get MCM7500 spcific information.
2020-05-25 11:28:07,672 - __main__ - INFO - Count: 3
2020-05-25 11:28:07,672 - __main__ - INFO - Connecting KAC_JAV-1 DEV-1-4
2020-05-25 11:28:13,016 - __main__ - INFO - Get MCM7500 spcific information.
2020-05-25 11:28:15,177 - __main__ - INFO - Count: 4
2020-05-25 11:28:15,178 - __main__ - INFO - Connecting KAC_JAV-1 DEV-1-5
2020-05-25 11:28:17,771 - __main__ - INFO - Get MCM7500 spcific information.
2020-05-25 11:28:18,729 - __main__ - INFO - Count: 5
2020-05-25 11:28:18,730 - __main__ - INFO - Connecting KAC_JAV-1 DEV-1-6
2020-05-25 11:28:21,397 - __main__ - INFO - Get MCM7500 spcific information.
2020-05-25 11:28:22,378 - __main__ - INFO - Count: 6
2020-05-25 11:28:22,379 - __main__ - INFO - Connecting KAC_JAV-1 DEV-1-7
2020-05-25 11:28:26,150 - __main__ - INFO - Get MCM7500 spcific information.
2020-05-25 11:28:27,089 - __main__ - INFO - Count: 7
2020-05-25 11:28:27,089 - __main__ - INFO - Connecting KAC_JAV-1 DEV-1-8
2020-05-25 11:28:29,668 - __main__ - INFO - Get MCM7500 spcific information.
2020-05-25 11:28:30,646 - __main__ - INFO - Count: 8
2020-05-25 11:28:30,646 - __main__ - INFO - Connecting KAC_JAV-1 DEV-1-9
2020-05-25 11:28:33,274 - __main__ - INFO - Get MCM7500 spcific information.
2020-05-25 11:28:35,653 - __main__ - INFO - Count: 9
2020-05-25 11:28:35,653 - __main__ - INFO - Connecting KAC_JAV-1 DEV-1-10
2020-05-25 11:28:38,281 - __main__ - INFO - Get MCM7500 spcific information.
2020-05-25 11:28:39,243 - __main__ - INFO - Count: 10
2020-05-25 11:28:39,243 - __main__ - INFO - Connecting KAC_JAV-1 DEV-1-11
2020-05-25 11:28:41,916 - __main__ - INFO - Get MCM7500 spcific information.
2020-05-25 11:28:45,097 - __main__ - INFO - Count: 11
2020-05-25 11:28:45,097 - __main__ - INFO - Connecting KAC_JAV-1 DEV-1-12
2020-05-25 11:28:49,431 - __main__ - INFO - Get MCM7500 spcific information.
2020-05-25 11:28:50,360 - __main__ - INFO - Count: 12
2020-05-25 11:28:50,360 - __main__ - INFO - Connecting KAC_JAV-1 DEV-1-13
2020-05-25 11:28:52,973 - __main__ - INFO - Get MCM7500 spcific information.
2020-05-25 11:28:53,937 - __main__ - INFO - Count: 13
2020-05-25 11:28:53,937 - __main__ - INFO - Connecting KAC_JAV-1 DEV-1-14
2020-05-25 11:28:58,708 - __main__ - INFO - Connecting KAC_JAV-1 DEV-1-15
2020-05-25 11:29:04,815 - __main__ - INFO - Connecting KAC_JAV-1 DEV-1-16
2020-05-25 11:29:09,512 - __main__ - INFO - Connecting KAC_JAV-1 DEV-1-17
2020-05-25 11:29:11,256 - __main__ - WARNING - Model not matching, skip!
2020-05-25 11:29:11,256 - __main__ - INFO - Connecting KAC_JAV-1 DEV-1-18
2020-05-25 11:29:14,095 - __main__ - WARNING - Model not matching, skip!
2020-05-25 11:29:14,095 - __main__ - INFO - Connecting KAC_JAV-1 DEV-1-19
2020-05-25 11:29:15,856 - __main__ - WARNING - Model not matching, skip!
2020-05-25 11:29:15,856 - __main__ - INFO - Connecting KAC_JAV-1 DEV-1-20
2020-05-25 11:29:17,649 - __main__ - WARNING - Model not matching, skip!
2020-05-25 11:29:17,649 - __main__ - INFO - Connecting KAC_JAV-1 DEV-1-21
2020-05-25 11:29:20,906 - __main__ - WARNING - Model not matching, skip!
2020-05-25 11:29:20,906 - __main__ - INFO - Connecting KAC_JAV-1 DEV-1-22
2020-05-25 11:29:22,649 - __main__ - WARNING - Model not matching, skip!
2020-05-25 11:29:22,649 - __main__ - INFO - Connecting KAC_JAV-1 DEV-1-23
2020-05-25 11:29:25,482 - __main__ - WARNING - Model not matching, skip!
2020-05-25 11:29:25,482 - __main__ - INFO - Connecting KAC_JAV-1 DEV-1-24
2020-05-25 11:29:27,239 - __main__ - WARNING - Model not matching, skip!
2020-05-25 11:29:27,240 - __main__ - INFO - Connecting KAC_JAV-1 DEV-1-25
2020-05-25 11:29:30,307 - __main__ - WARNING - Model not matching, skip!
2020-05-25 11:29:30,308 - __main__ - INFO - Connecting KAC_JAV-1 DEV-1-26
2020-05-25 11:29:32,082 - __main__ - WARNING - Model not matching, skip!
2020-05-25 11:29:32,083 - __main__ - INFO - Connecting KAC_JAV-1 DEV-1-27
2020-05-25 11:29:33,882 - __main__ - WARNING - Model not matching, skip!
2020-05-25 11:29:33,882 - __main__ - INFO - Connecting KAC_JAV-1 DEV-1-28
2020-05-25 11:29:35,682 - __main__ - WARNING - Model not matching, skip!
2020-05-25 11:29:35,682 - __main__ - INFO - Connecting KAC_JAV-1 DEV-1-29
2020-05-25 11:29:37,489 - __main__ - WARNING - Model not matching, skip!
2020-05-25 11:29:37,490 - __main__ - INFO - Connecting KAC_JAV-1 DEV-1-30
2020-05-25 11:29:42,181 - __main__ - INFO - Connecting KAC_JAV-1 DEV-1-31
2020-05-25 11:29:48,249 - __main__ - INFO - Connecting KAC_JAV-1 DEV-1-32
2020-05-25 11:29:56,263 - __main__ - INFO - Connecting KAC_BHI-1 DEV-1-1
2020-05-25 11:30:02,532 - __main__ - INFO - Get MCM7500 spcific information.
2020-05-25 11:30:03,931 - __main__ - INFO - Count: 14
2020-05-25 11:30:03,931 - __main__ - INFO - Connecting KAC_BHI-1 DEV-1-2
2020-05-25 11:30:08,916 - __main__ - INFO - Get MCM7500 spcific information.
2020-05-25 11:30:10,354 - __main__ - INFO - Count: 15
2020-05-25 11:30:10,355 - __main__ - INFO - Connecting KAC_BHI-1 DEV-1-3
2020-05-25 11:30:14,950 - __main__ - INFO - Get MCM7500 spcific information.
2020-05-25 11:30:16,350 - __main__ - INFO - Count: 16
2020-05-25 11:30:16,351 - __main__ - INFO - Connecting KAC_BHI-1 DEV-1-4
2020-05-25 11:30:21,080 - __main__ - INFO - Get MCM7500 spcific information.
2020-05-25 11:30:22,495 - __main__ - INFO - Count: 17
2020-05-25 11:30:22,496 - __main__ - INFO - Connecting KAC_BHI-1 DEV-1-5
2020-05-25 11:30:26,140 - __main__ - INFO - Get MCM7500 spcific information.
2020-05-25 11:30:27,539 - __main__ - INFO - Count: 18
2020-05-25 11:30:27,539 - __main__ - INFO - Connecting KAC_BHI-1 DEV-1-6
2020-05-25 11:30:38,782 - __main__ - INFO - Get MCM7500 spcific information.
2020-05-25 11:30:40,224 - __main__ - INFO - Count: 19
2020-05-25 11:30:40,225 - __main__ - INFO - Connecting KAC_BHI-1 DEV-1-7
2020-05-25 11:30:43,837 - __main__ - INFO - Get MCM7500 spcific information.
2020-05-25 11:30:45,600 - __main__ - INFO - Count: 20
2020-05-25 11:30:45,600 - __main__ - INFO - Connecting KAC_BHI-1 DEV-1-8
2020-05-25 11:30:53,089 - __main__ - INFO - Get MCM7500 spcific information.
2020-05-25 11:30:54,840 - __main__ - INFO - Count: 21
2020-05-25 11:30:54,841 - __main__ - INFO - Connecting KAC_BHI-1 DEV-1-9
2020-05-25 11:31:01,417 - __main__ - INFO - Get MCM7500 spcific information.
2020-05-25 11:31:02,817 - __main__ - INFO - Count: 22
2020-05-25 11:31:02,818 - __main__ - INFO - Connecting KAC_BHI-1 DEV-1-10
2020-05-25 11:31:06,301 - __main__ - WARNING - Model not matching, skip!
2020-05-25 11:31:06,301 - __main__ - INFO - Connecting KAC_BHI-1 DEV-1-11
2020-05-25 11:31:08,894 - __main__ - WARNING - Model not matching, skip!
2020-05-25 11:31:08,894 - __main__ - INFO - Connecting KAC_BHI-1 DEV-1-12
2020-05-25 11:31:11,334 - __main__ - WARNING - Model not matching, skip!
2020-05-25 11:31:11,335 - __main__ - INFO - Connecting KAC_BHI-1 DEV-1-13
2020-05-25 11:31:17,766 - __main__ - INFO - Connecting KAC_BHI-1 DEV-1-14
2020-05-25 11:31:21,303 - __main__ - INFO - Get MCM7500 spcific information.
2020-05-25 11:31:23,075 - __main__ - INFO - Count: 23
2020-05-25 11:31:23,076 - __main__ - INFO - Connecting KAC_BHI-1 DEV-1-15
2020-05-25 11:31:26,695 - __main__ - INFO - Get MCM7500 spcific information.
2020-05-25 11:31:29,619 - __main__ - INFO - Count: 24
2020-05-25 11:31:29,620 - __main__ - INFO - Connecting KAC_BHI-1 DEV-1-16
2020-05-25 11:31:33,149 - __main__ - INFO - Get MCM7500 spcific information.
2020-05-25 11:31:34,551 - __main__ - INFO - Count: 25
2020-05-25 11:31:34,551 - __main__ - INFO - Connecting KAC_BHI-1 DEV-1-17
2020-05-25 11:31:39,738 - __main__ - INFO - Get MCM7500 spcific information.
2020-05-25 11:31:41,330 - __main__ - INFO - Count: 26
2020-05-25 11:31:41,330 - __main__ - INFO - Connecting KAC_BHI-1 DEV-1-18
2020-05-25 11:31:47,372 - __main__ - INFO - Get MCM7500 spcific information.
2020-05-25 11:31:48,883 - __main__ - INFO - Count: 27
2020-05-25 11:31:48,884 - __main__ - INFO - Connecting KAC_BHI-1 DEV-1-19
2020-05-25 11:31:51,288 - __main__ - WARNING - Model not matching, skip!
2020-05-25 11:31:51,288 - __main__ - INFO - Connecting KAC_BHI-1 DEV-1-20
2020-05-25 11:31:53,667 - __main__ - WARNING - Model not matching, skip!
2020-05-25 11:31:53,668 - __main__ - INFO - Connecting KAC_BHI-1 DEV-1-21
2020-05-25 11:31:56,092 - __main__ - WARNING - Model not matching, skip!
2020-05-25 11:31:56,093 - __main__ - INFO - Connecting KAC_BHI-1 DEV-1-22
2020-05-25 11:31:58,468 - __main__ - WARNING - Model not matching, skip!
2020-05-25 11:31:58,468 - __main__ - INFO - Connecting KAC_BHI-1 DEV-1-23
2020-05-25 11:32:00,841 - __main__ - WARNING - Model not matching, skip!
2020-05-25 11:32:00,842 - __main__ - INFO - Connecting KAC_BHI-1 DEV-1-24
2020-05-25 11:32:03,244 - __main__ - WARNING - Model not matching, skip!
2020-05-25 11:32:03,245 - __main__ - INFO - Connecting KAC_BHI-1 DEV-1-25
2020-05-25 11:32:05,632 - __main__ - WARNING - Model not matching, skip!
2020-05-25 11:32:05,632 - __main__ - INFO - Connecting KAC_BHI-1 DEV-1-26
2020-05-25 11:32:09,089 - __main__ - WARNING - Model not matching, skip!
2020-05-25 11:32:09,090 - __main__ - INFO - Connecting KAC_BHI-1 DEV-1-27
2020-05-25 11:32:11,475 - __main__ - WARNING - Model not matching, skip!
2020-05-25 11:32:11,476 - __main__ - INFO - Connecting KAC_BHI-1 DEV-1-28
2020-05-25 11:32:13,861 - __main__ - WARNING - Model not matching, skip!
2020-05-25 11:32:13,862 - __main__ - INFO - Connecting KAC_BHI-1 DEV-1-29
2020-05-25 11:32:16,289 - __main__ - WARNING - Model not matching, skip!
2020-05-25 11:32:16,289 - __main__ - INFO - Connecting KAC_BHI-1 DEV-1-30
2020-05-25 11:32:18,853 - __main__ - WARNING - Model not matching, skip!
2020-05-25 11:32:18,854 - __main__ - INFO - Connecting KAC_BHI-1 DEV-1-31
2020-05-25 11:32:21,228 - __main__ - WARNING - Model not matching, skip!
2020-05-25 11:32:21,229 - __main__ - INFO - Connecting KAC_BHI-1 DEV-1-32
2020-05-25 11:32:25,319 - __main__ - WARNING - Model not matching, skip!
2020-05-25 11:32:25,320 - __main__ - INFO - Connecting KAC_BHI-1 DEV-2-1
2020-05-25 11:32:28,893 - __main__ - INFO - Get MCM7500 spcific information.
2020-05-25 11:32:30,333 - __main__ - INFO - Count: 28
2020-05-25 11:32:30,333 - __main__ - INFO - Connecting KAC_BHI-1 DEV-2-2
2020-05-25 11:32:33,984 - __main__ - INFO - Get MCM7500 spcific information.
2020-05-25 11:32:35,401 - __main__ - INFO - Count: 29
2020-05-25 11:32:35,401 - __main__ - INFO - Connecting KAC_BHI-1 DEV-2-3
2020-05-25 11:32:40,153 - __main__ - INFO - Get MCM7500 spcific information.
2020-05-25 11:32:46,185 - __main__ - INFO - Count: 30
2020-05-25 11:32:46,186 - __main__ - INFO - Connecting KAC_BHI-1 DEV-2-4
2020-05-25 11:32:49,712 - __main__ - INFO - Get MCM7500 spcific information.
2020-05-25 11:32:51,483 - __main__ - INFO - Count: 31
2020-05-25 11:32:51,483 - __main__ - INFO - Connecting KAC_BHI-1 DEV-2-5
2020-05-25 11:32:56,500 - __main__ - INFO - Get MCM7500 spcific information.
2020-05-25 11:32:57,894 - __main__ - INFO - Count: 32
2020-05-25 11:32:57,895 - __main__ - INFO - Connecting KAC_BHI-1 DEV-2-6
2020-05-25 11:33:03,221 - __main__ - INFO - Connecting KAC_BHI-1 DEV-2-7
2020-05-25 11:33:08,587 - __main__ - INFO - Connecting KAC_BHI-1 DEV-2-8
2020-05-25 11:33:14,985 - __main__ - INFO - Connecting KAC_BHI-1 DEV-2-9
2020-05-25 11:33:21,573 - __main__ - INFO - Connecting KAC_BHI-1 DEV-2-10
2020-05-25 11:33:26,895 - __main__ - INFO - Connecting KAC_BHI-1 DEV-2-11
2020-05-25 11:33:32,280 - __main__ - INFO - Connecting KAC_BHI-1 DEV-2-12
2020-05-25 11:33:37,605 - __main__ - INFO - Connecting KAC_BHI-1 DEV-2-13
2020-05-25 11:33:43,007 - __main__ - INFO - Connecting KAC_BHI-1 DEV-2-14
2020-05-25 11:33:48,379 - __main__ - INFO - Connecting KAC_BHI-1 DEV-2-15
2020-05-25 11:33:57,102 - __main__ - INFO - Connecting KAC_BHI-1 DEV-2-16
2020-05-25 11:34:02,427 - __main__ - INFO - Connecting KAC_BHI-1 DEV-2-17
2020-05-25 11:34:04,906 - __main__ - WARNING - Model not matching, skip!
2020-05-25 11:34:04,907 - __main__ - INFO - Connecting KAC_BHI-1 DEV-2-18
2020-05-25 11:34:07,243 - __main__ - INFO - Connecting KAC_BHI-1 DEV-2-19
2020-05-25 11:34:09,644 - __main__ - WARNING - Model not matching, skip!
2020-05-25 11:34:09,644 - __main__ - INFO - Connecting KAC_BHI-1 DEV-2-20
2020-05-25 11:34:12,037 - __main__ - WARNING - Model not matching, skip!
2020-05-25 11:34:12,038 - __main__ - INFO - Connecting KAC_BHI-1 DEV-2-21
2020-05-25 11:34:14,408 - __main__ - WARNING - Model not matching, skip!
2020-05-25 11:34:14,409 - __main__ - INFO - Connecting KAC_BHI-1 DEV-2-22
2020-05-25 11:34:16,788 - __main__ - WARNING - Model not matching, skip!
2020-05-25 11:34:16,789 - __main__ - INFO - Connecting KAC_BHI-1 DEV-2-23
2020-05-25 11:34:19,371 - __main__ - WARNING - Model not matching, skip!
2020-05-25 11:34:19,372 - __main__ - INFO - Connecting KAC_BHI-1 DEV-2-24
2020-05-25 11:34:21,789 - __main__ - WARNING - Model not matching, skip!
2020-05-25 11:34:21,790 - __main__ - INFO - Connecting KAC_BHI-1 DEV-2-25
2020-05-25 11:34:28,294 - __main__ - INFO - Connecting KAC_BHI-1 DEV-2-26
2020-05-25 11:34:33,667 - __main__ - INFO - Connecting KAC_BHI-1 DEV-2-27
2020-05-25 11:34:36,092 - __main__ - WARNING - Model not matching, skip!
2020-05-25 11:34:36,092 - __main__ - INFO - Connecting KAC_BHI-1 DEV-2-28
2020-05-25 11:34:38,503 - __main__ - WARNING - Model not matching, skip!
2020-05-25 11:34:38,503 - __main__ - INFO - Connecting KAC_BHI-1 DEV-2-29
2020-05-25 11:34:40,894 - __main__ - WARNING - Model not matching, skip!
2020-05-25 11:34:40,895 - __main__ - INFO - Connecting KAC_BHI-1 DEV-2-30
2020-05-25 11:34:43,485 - __main__ - WARNING - Model not matching, skip!
2020-05-25 11:34:43,485 - __main__ - INFO - Connecting KAC_BHI-1 DEV-2-31
2020-05-25 11:34:49,811 - __main__ - INFO - Connecting KAC_BHI-1 DEV-2-32
2020-05-25 11:34:55,277 - __main__ - INFO - Connecting KAC_JAV-2 DEV-1-1
2020-05-25 11:35:02,172 - __main__ - INFO - Get MCM7500 spcific information.
2020-05-25 11:35:03,138 - __main__ - INFO - Count: 33
2020-05-25 11:35:03,138 - __main__ - INFO - Connecting KAC_JAV-2 DEV-1-2
2020-05-25 11:35:05,881 - __main__ - INFO - Get MCM7500 spcific information.
2020-05-25 11:35:06,888 - __main__ - INFO - Count: 34
2020-05-25 11:35:06,889 - __main__ - INFO - Connecting KAC_JAV-2 DEV-1-3
2020-05-25 11:35:11,041 - __main__ - INFO - Get MCM7500 spcific information.
2020-05-25 11:35:11,973 - __main__ - INFO - Count: 35
2020-05-25 11:35:11,973 - __main__ - INFO - Connecting KAC_JAV-2 DEV-1-4
2020-05-25 11:35:14,578 - __main__ - INFO - Get MCM7500 spcific information.
2020-05-25 11:35:17,800 - __main__ - INFO - Count: 36
2020-05-25 11:35:17,801 - __main__ - INFO - Connecting KAC_JAV-2 DEV-1-5
2020-05-25 11:35:22,282 - __main__ - INFO - Get MCM7500 spcific information.
2020-05-25 11:35:23,568 - __main__ - INFO - Count: 37
2020-05-25 11:35:23,569 - __main__ - INFO - Connecting KAC_JAV-2 DEV-1-6
2020-05-25 11:35:30,541 - __main__ - INFO - Get MCM7500 spcific information.
2020-05-25 11:35:31,504 - __main__ - INFO - Count: 38
2020-05-25 11:35:31,505 - __main__ - INFO - Connecting KAC_JAV-2 DEV-1-7
2020-05-25 11:35:34,087 - __main__ - INFO - Get MCM7500 spcific information.
2020-05-25 11:35:37,719 - __main__ - INFO - Count: 39
2020-05-25 11:35:37,720 - __main__ - INFO - Connecting KAC_JAV-2 DEV-1-8
2020-05-25 11:35:42,621 - __main__ - INFO - Connecting KAC_JAV-2 DEV-1-9
2020-05-25 11:35:47,309 - __main__ - INFO - Connecting KAC_JAV-2 DEV-1-10
2020-05-25 11:35:49,055 - __main__ - WARNING - Model not matching, skip!
2020-05-25 11:35:49,056 - __main__ - INFO - Connecting KAC_JAV-2 DEV-1-11
2020-05-25 11:35:53,949 - __main__ - INFO - Connecting KAC_JAV-2 DEV-1-12
2020-05-25 11:35:58,684 - __main__ - INFO - Connecting KAC_JAV-2 DEV-1-13
2020-05-25 11:36:03,576 - __main__ - INFO - Connecting KAC_JAV-2 DEV-1-14
2020-05-25 11:36:06,269 - __main__ - INFO - Get MCM7500 spcific information.
2020-05-25 11:36:07,583 - __main__ - INFO - Count: 40
2020-05-25 11:36:07,583 - __main__ - INFO - Connecting KAC_JAV-2 DEV-1-15
2020-05-25 11:36:12,747 - __main__ - INFO - Get MCM7500 spcific information.
2020-05-25 11:36:17,112 - __main__ - INFO - Count: 41
2020-05-25 11:36:17,112 - __main__ - INFO - Connecting KAC_JAV-2 DEV-1-16
2020-05-25 11:36:21,812 - __main__ - INFO - Get MCM7500 spcific information.
2020-05-25 11:36:22,739 - __main__ - INFO - Count: 42
2020-05-25 11:36:22,739 - __main__ - INFO - Connecting KAC_JAV-2 DEV-1-17
2020-05-25 11:36:24,563 - __main__ - WARNING - Model not matching, skip!
2020-05-25 11:36:24,564 - __main__ - INFO - Connecting KAC_JAV-2 DEV-1-18
2020-05-25 11:36:27,583 - __main__ - WARNING - Model not matching, skip!
2020-05-25 11:36:27,584 - __main__ - INFO - Connecting KAC_JAV-2 DEV-1-19
2020-05-25 11:36:29,312 - __main__ - WARNING - Model not matching, skip!
2020-05-25 11:36:29,312 - __main__ - INFO - Connecting KAC_JAV-2 DEV-1-20
2020-05-25 11:36:31,064 - __main__ - WARNING - Model not matching, skip!
2020-05-25 11:36:31,064 - __main__ - INFO - Connecting KAC_JAV-2 DEV-1-21
2020-05-25 11:36:32,839 - __main__ - WARNING - Model not matching, skip!
2020-05-25 11:36:32,840 - __main__ - INFO - Connecting KAC_JAV-2 DEV-1-22
2020-05-25 11:36:34,581 - __main__ - WARNING - Model not matching, skip!
2020-05-25 11:36:34,581 - __main__ - INFO - Connecting KAC_JAV-2 DEV-1-23
2020-05-25 11:36:37,465 - __main__ - WARNING - Model not matching, skip!
2020-05-25 11:36:37,465 - __main__ - INFO - Connecting KAC_JAV-2 DEV-1-24
2020-05-25 11:36:39,207 - __main__ - WARNING - Model not matching, skip!
2020-05-25 11:36:39,208 - __main__ - INFO - Connecting KAC_JAV-2 DEV-1-25
2020-05-25 11:36:40,970 - __main__ - WARNING - Model not matching, skip!
2020-05-25 11:36:40,971 - __main__ - INFO - Connecting KAC_JAV-2 DEV-1-26
2020-05-25 11:36:45,327 - __main__ - WARNING - Model not matching, skip!
2020-05-25 11:36:45,328 - __main__ - INFO - Connecting KAC_JAV-2 DEV-1-27
2020-05-25 11:36:50,902 - __main__ - WARNING - Model not matching, skip!
2020-05-25 11:36:50,902 - __main__ - INFO - Connecting KAC_JAV-2 DEV-1-28
2020-05-25 11:36:52,652 - __main__ - WARNING - Model not matching, skip!
2020-05-25 11:36:52,652 - __main__ - INFO - Connecting KAC_JAV-2 DEV-1-29
2020-05-25 11:36:54,636 - __main__ - WARNING - Model not matching, skip!
2020-05-25 11:36:54,637 - __main__ - INFO - Connecting KAC_JAV-2 DEV-1-30
2020-05-25 11:36:56,495 - __main__ - WARNING - Model not matching, skip!
2020-05-25 11:36:56,495 - __main__ - INFO - Connecting KAC_JAV-2 DEV-1-31
2020-05-25 11:36:58,283 - __main__ - WARNING - Model not matching, skip!
2020-05-25 11:36:58,284 - __main__ - INFO - Connecting KAC_JAV-2 DEV-1-32
2020-05-25 11:37:00,048 - __main__ - WARNING - Model not matching, skip!
2020-05-25 11:37:00,049 - __main__ - INFO - Connecting KAC_BHI-2 DEV-1-1
2020-05-25 11:37:02,447 - __main__ - WARNING - Model not matching, skip!
2020-05-25 11:37:02,447 - __main__ - INFO - Connecting KAC_BHI-2 DEV-1-2
2020-05-25 11:37:04,826 - __main__ - WARNING - Model not matching, skip!
2020-05-25 11:37:04,827 - __main__ - INFO - Connecting KAC_BHI-2 DEV-1-3
2020-05-25 11:37:08,275 - __main__ - WARNING - Model not matching, skip!
2020-05-25 11:37:08,276 - __main__ - INFO - Connecting KAC_BHI-2 DEV-1-4
2020-05-25 11:37:10,691 - __main__ - WARNING - Model not matching, skip!
2020-05-25 11:37:10,692 - __main__ - INFO - Connecting KAC_BHI-2 DEV-1-5
2020-05-25 11:37:13,050 - __main__ - WARNING - Model not matching, skip!
2020-05-25 11:37:13,050 - __main__ - INFO - Connecting KAC_BHI-2 DEV-1-6
2020-05-25 11:37:15,435 - __main__ - WARNING - Model not matching, skip!
2020-05-25 11:37:15,435 - __main__ - INFO - Connecting KAC_BHI-2 DEV-1-7
2020-05-25 11:37:17,818 - __main__ - WARNING - Model not matching, skip!
2020-05-25 11:37:17,818 - __main__ - INFO - Connecting KAC_BHI-2 DEV-1-8
2020-05-25 11:37:20,192 - __main__ - WARNING - Model not matching, skip!
2020-05-25 11:37:20,193 - __main__ - INFO - Connecting KAC_BHI-2 DEV-1-9
2020-05-25 11:37:24,279 - __main__ - WARNING - Model not matching, skip!
2020-05-25 11:37:24,280 - __main__ - INFO - Connecting KAC_BHI-2 DEV-1-10
2020-05-25 11:37:29,598 - __main__ - INFO - Connecting KAC_BHI-2 DEV-1-11
2020-05-25 11:37:34,971 - __main__ - INFO - Connecting KAC_BHI-2 DEV-1-12
2020-05-25 11:37:38,543 - __main__ - INFO - Get MCM7500 spcific information.
2020-05-25 11:37:39,984 - __main__ - INFO - Count: 43
2020-05-25 11:37:39,985 - __main__ - INFO - Connecting KAC_BHI-2 DEV-1-13
2020-05-25 11:37:43,520 - __main__ - INFO - Get MCM7500 spcific information.
2020-05-25 11:37:45,028 - __main__ - INFO - Count: 44
2020-05-25 11:37:45,028 - __main__ - INFO - Connecting KAC_BHI-2 DEV-1-14
2020-05-25 11:37:48,611 - __main__ - INFO - Get MCM7500 spcific information.
2020-05-25 11:37:50,053 - __main__ - INFO - Count: 45
2020-05-25 11:37:50,054 - __main__ - INFO - Connecting KAC_BHI-2 DEV-1-15
2020-05-25 11:37:54,721 - __main__ - INFO - Get MCM7500 spcific information.
2020-05-25 11:37:56,309 - __main__ - INFO - Count: 46
2020-05-25 11:37:56,309 - __main__ - INFO - Connecting KAC_BHI-2 DEV-1-16
2020-05-25 11:37:59,973 - __main__ - INFO - Get MCM7500 spcific information.
2020-05-25 11:38:01,773 - __main__ - INFO - Count: 47
2020-05-25 11:38:01,774 - __main__ - INFO - Connecting KAC_BHI-2 DEV-1-17
2020-05-25 11:38:05,355 - __main__ - INFO - Get MCM7500 spcific information.
2020-05-25 11:38:06,754 - __main__ - INFO - Count: 48
2020-05-25 11:38:06,755 - __main__ - INFO - Connecting KAC_BHI-2 DEV-1-18
2020-05-25 11:38:10,320 - __main__ - INFO - Get MCM7500 spcific information.
2020-05-25 11:38:11,716 - __main__ - INFO - Count: 49
2020-05-25 11:38:11,716 - __main__ - INFO - Connecting KAC_BHI-2 DEV-1-19
2020-05-25 11:38:15,224 - __main__ - WARNING - Model not matching, skip!
2020-05-25 11:38:15,225 - __main__ - INFO - Connecting KAC_BHI-2 DEV-1-20
2020-05-25 11:38:19,409 - __main__ - WARNING - Model not matching, skip!
2020-05-25 11:38:19,409 - __main__ - INFO - Connecting KAC_BHI-2 DEV-1-21
2020-05-25 11:38:24,760 - __main__ - WARNING - Model not matching, skip!
2020-05-25 11:38:24,760 - __main__ - INFO - Connecting KAC_BHI-2 DEV-1-22
2020-05-25 11:38:30,085 - __main__ - INFO - Connecting KAC_BHI-2 DEV-1-23
2020-05-25 11:38:36,827 - __main__ - WARNING - Model not matching, skip!
2020-05-25 11:38:36,828 - __main__ - INFO - Connecting KAC_BHI-2 DEV-1-24
2020-05-25 11:38:39,211 - __main__ - WARNING - Model not matching, skip!
2020-05-25 11:38:39,212 - __main__ - INFO - Connecting KAC_BHI-2 DEV-1-25
2020-05-25 11:38:41,562 - __main__ - WARNING - Model not matching, skip!
2020-05-25 11:38:41,562 - __main__ - INFO - Connecting KAC_BHI-2 DEV-1-26
2020-05-25 11:38:45,438 - __main__ - WARNING - Model not matching, skip!
2020-05-25 11:38:45,438 - __main__ - INFO - Connecting KAC_BHI-2 DEV-1-27
2020-05-25 11:38:49,720 - __main__ - WARNING - Model not matching, skip!
2020-05-25 11:38:49,721 - __main__ - INFO - Connecting KAC_BHI-2 DEV-1-28
2020-05-25 11:38:55,894 - __main__ - WARNING - Model not matching, skip!
2020-05-25 11:38:55,895 - __main__ - INFO - Connecting KAC_BHI-2 DEV-1-29
2020-05-25 11:39:00,003 - __main__ - WARNING - Model not matching, skip!
2020-05-25 11:39:00,003 - __main__ - INFO - Connecting KAC_BHI-2 DEV-1-30
2020-05-25 11:39:04,677 - __main__ - WARNING - Model not matching, skip!
2020-05-25 11:39:04,678 - __main__ - INFO - Connecting KAC_BHI-2 DEV-1-31
2020-05-25 11:39:07,072 - __main__ - WARNING - Model not matching, skip!
2020-05-25 11:39:07,073 - __main__ - INFO - Connecting KAC_BHI-2 DEV-1-32
2020-05-25 11:39:09,414 - __main__ - WARNING - Model not matching, skip!
2020-05-25 11:39:09,414 - __main__ - INFO - Connecting KAC_SUB-1 DEV-1-1
2020-05-25 11:39:15,291 - __main__ - INFO - Connecting KAC_SUB-1 DEV-1-2
2020-05-25 11:39:20,052 - __main__ - INFO - Connecting KAC_SUB-1 DEV-1-3
2020-05-25 11:39:26,467 - __main__ - INFO - Connecting KAC_SUB-1 DEV-1-4
2020-05-25 11:39:32,502 - __main__ - INFO - Connecting KAC_SUB-1 DEV-1-5
2020-05-25 11:39:37,283 - __main__ - INFO - Connecting KAC_SUB-1 DEV-1-6
2020-05-25 11:39:42,061 - __main__ - INFO - Connecting KAC_SUB-1 DEV-1-7
2020-05-25 11:39:47,023 - __main__ - INFO - Connecting KAC_SUB-1 DEV-1-8
2020-05-25 11:39:53,238 - __main__ - INFO - Connecting KAC_SUB-1 DEV-1-9
2020-05-25 11:40:01,139 - __main__ - INFO - Connecting KAC_SUB-1 DEV-1-10
2020-05-25 11:40:05,965 - __main__ - INFO - Connecting KAC_SUB-1 DEV-1-11
2020-05-25 11:40:10,803 - __main__ - INFO - Connecting KAC_SUB-1 DEV-1-12
2020-05-25 11:40:13,488 - __main__ - INFO - Get MCM7500 spcific information.
2020-05-25 11:40:14,460 - __main__ - INFO - Count: 50
2020-05-25 11:40:14,461 - __main__ - INFO - Connecting KAC_SUB-1 DEV-1-13
2020-05-25 11:40:17,136 - __main__ - INFO - Get MCM7500 spcific information.
2020-05-25 11:40:18,478 - __main__ - INFO - Count: 51
2020-05-25 11:40:18,478 - __main__ - INFO - Connecting KAC_SUB-1 DEV-1-14
2020-05-25 11:40:21,243 - __main__ - INFO - Get MCM7500 spcific information.
2020-05-25 11:40:22,212 - __main__ - INFO - Count: 52
2020-05-25 11:40:22,213 - __main__ - INFO - Connecting KAC_SUB-1 DEV-1-15
2020-05-25 11:40:26,101 - __main__ - INFO - Get MCM7500 spcific information.
2020-05-25 11:40:27,141 - __main__ - INFO - Count: 53
2020-05-25 11:40:27,141 - __main__ - INFO - Connecting KAC_SUB-1 DEV-1-16
2020-05-25 11:40:29,876 - __main__ - INFO - Get MCM7500 spcific information.
2020-05-25 11:40:30,848 - __main__ - INFO - Count: 54
2020-05-25 11:40:30,848 - __main__ - INFO - Connecting KAC_SUB-1 DEV-1-17
2020-05-25 11:40:33,611 - __main__ - INFO - Get MCM7500 spcific information.
2020-05-25 11:40:34,578 - __main__ - INFO - Count: 55
2020-05-25 11:40:34,578 - __main__ - INFO - Connecting KAC_SUB-1 DEV-1-18
2020-05-25 11:40:37,277 - __main__ - INFO - Get MCM7500 spcific information.
2020-05-25 11:40:38,251 - __main__ - INFO - Count: 56
2020-05-25 11:40:38,252 - __main__ - INFO - Connecting KAC_SUB-1 DEV-1-19
2020-05-25 11:40:40,055 - __main__ - WARNING - Model not matching, skip!
2020-05-25 11:40:40,055 - __main__ - INFO - Connecting KAC_SUB-1 DEV-1-20
2020-05-25 11:40:42,968 - __main__ - WARNING - Model not matching, skip!
2020-05-25 11:40:42,969 - __main__ - INFO - Connecting KAC_SUB-1 DEV-1-21
2020-05-25 11:40:44,814 - __main__ - WARNING - Model not matching, skip!
2020-05-25 11:40:44,814 - __main__ - INFO - Connecting KAC_SUB-1 DEV-1-22
2020-05-25 11:40:47,909 - __main__ - WARNING - Model not matching, skip!
2020-05-25 11:40:47,909 - __main__ - INFO - Connecting KAC_SUB-1 DEV-1-23
2020-05-25 11:40:52,467 - __main__ - WARNING - Model not matching, skip!
2020-05-25 11:40:52,468 - __main__ - INFO - Connecting KAC_SUB-1 DEV-1-24
2020-05-25 11:40:56,165 - __main__ - WARNING - Model not matching, skip!
2020-05-25 11:40:56,166 - __main__ - INFO - Connecting KAC_SUB-1 DEV-1-25
2020-05-25 11:40:57,985 - __main__ - WARNING - Model not matching, skip!
2020-05-25 11:40:57,986 - __main__ - INFO - Connecting KAC_SUB-1 DEV-1-26
2020-05-25 11:40:59,830 - __main__ - WARNING - Model not matching, skip!
2020-05-25 11:40:59,830 - __main__ - INFO - Connecting KAC_SUB-1 DEV-1-27
2020-05-25 11:41:01,743 - __main__ - WARNING - Model not matching, skip!
2020-05-25 11:41:01,744 - __main__ - INFO - Connecting KAC_SUB-1 DEV-1-28
2020-05-25 11:41:03,552 - __main__ - WARNING - Model not matching, skip!
2020-05-25 11:41:03,552 - __main__ - INFO - Connecting KAC_SUB-1 DEV-1-29
2020-05-25 11:41:05,328 - __main__ - WARNING - Model not matching, skip!
2020-05-25 11:41:05,328 - __main__ - INFO - Connecting KAC_SUB-1 DEV-1-30
2020-05-25 11:41:07,206 - __main__ - WARNING - Model not matching, skip!
2020-05-25 11:41:07,207 - __main__ - INFO - Connecting KAC_SUB-1 DEV-1-31
2020-05-25 11:41:09,001 - __main__ - WARNING - Model not matching, skip!
2020-05-25 11:41:09,001 - __main__ - INFO - Connecting KAC_SUB-1 DEV-1-32
2020-05-25 11:41:11,907 - __main__ - WARNING - Model not matching, skip!
2020-05-25 11:41:11,907 - __main__ - INFO - Connecting KAC_SUB-2 DEV-1-1
2020-05-25 11:41:16,668 - __main__ - INFO - Connecting KAC_SUB-2 DEV-1-2
2020-05-25 11:41:19,390 - __main__ - INFO - Get MCM7500 spcific information.
2020-05-25 11:41:20,356 - __main__ - INFO - Count: 57
2020-05-25 11:41:20,356 - __main__ - INFO - Connecting KAC_SUB-2 DEV-1-3
2020-05-25 11:41:23,027 - __main__ - INFO - Get MCM7500 spcific information.
2020-05-25 11:41:23,996 - __main__ - INFO - Count: 58
2020-05-25 11:41:23,997 - __main__ - INFO - Connecting KAC_SUB-2 DEV-1-4
2020-05-25 11:41:28,937 - __main__ - INFO - Get MCM7500 spcific information.
2020-05-25 11:41:29,956 - __main__ - INFO - Count: 59
2020-05-25 11:41:29,957 - __main__ - INFO - Connecting KAC_SUB-2 DEV-1-5
2020-05-25 11:41:32,670 - __main__ - INFO - Get MCM7500 spcific information.
2020-05-25 11:41:35,004 - __main__ - INFO - Count: 60
2020-05-25 11:41:35,005 - __main__ - INFO - Connecting KAC_SUB-2 DEV-1-6
2020-05-25 11:41:37,714 - __main__ - INFO - Get MCM7500 spcific information.
2020-05-25 11:41:38,721 - __main__ - INFO - Count: 61
2020-05-25 11:41:38,722 - __main__ - INFO - Connecting KAC_SUB-2 DEV-1-7
2020-05-25 11:41:41,402 - __main__ - INFO - Get MCM7500 spcific information.
2020-05-25 11:41:43,818 - __main__ - INFO - Count: 62
2020-05-25 11:41:43,819 - __main__ - INFO - Connecting KAC_SUB-2 DEV-1-8
2020-05-25 11:41:46,495 - __main__ - INFO - Get MCM7500 spcific information.
2020-05-25 11:41:47,505 - __main__ - INFO - Count: 63
2020-05-25 11:41:47,506 - __main__ - INFO - Connecting KAC_SUB-2 DEV-1-9
2020-05-25 11:41:50,200 - __main__ - INFO - Get MCM7500 spcific information.
2020-05-25 11:41:51,213 - __main__ - INFO - Count: 64
2020-05-25 11:41:51,214 - __main__ - INFO - Connecting KAC_SUB-2 DEV-1-10
2020-05-25 11:41:53,887 - __main__ - INFO - Get MCM7500 spcific information.
2020-05-25 11:41:54,863 - __main__ - INFO - Count: 65
2020-05-25 11:41:54,864 - __main__ - INFO - Connecting KAC_SUB-2 DEV-1-11
2020-05-25 11:41:59,656 - __main__ - INFO - Connecting KAC_SUB-2 DEV-1-12
2020-05-25 11:42:04,495 - __main__ - INFO - Connecting KAC_SUB-2 DEV-1-13
2020-05-25 11:42:10,392 - __main__ - INFO - Connecting KAC_SUB-2 DEV-1-14
2020-05-25 11:42:15,144 - __main__ - INFO - Connecting KAC_SUB-2 DEV-1-15
2020-05-25 11:42:19,937 - __main__ - INFO - Connecting KAC_SUB-2 DEV-1-16
2020-05-25 11:42:24,769 - __main__ - INFO - Connecting KAC_SUB-2 DEV-1-17
2020-05-25 11:42:26,608 - __main__ - WARNING - Model not matching, skip!
2020-05-25 11:42:26,608 - __main__ - INFO - Connecting KAC_SUB-2 DEV-1-18
2020-05-25 11:42:28,518 - __main__ - WARNING - Model not matching, skip!
2020-05-25 11:42:28,519 - __main__ - INFO - Connecting KAC_SUB-2 DEV-1-19
2020-05-25 11:42:30,314 - __main__ - WARNING - Model not matching, skip!
2020-05-25 11:42:30,314 - __main__ - INFO - Connecting KAC_SUB-2 DEV-1-20
2020-05-25 11:42:32,117 - __main__ - WARNING - Model not matching, skip!
2020-05-25 11:42:32,118 - __main__ - INFO - Connecting KAC_SUB-2 DEV-1-21
2020-05-25 11:42:33,922 - __main__ - WARNING - Model not matching, skip!
2020-05-25 11:42:33,923 - __main__ - INFO - Connecting KAC_SUB-2 DEV-1-22
2020-05-25 11:42:36,841 - __main__ - WARNING - Model not matching, skip!
2020-05-25 11:42:36,841 - __main__ - INFO - Connecting KAC_SUB-2 DEV-1-23
2020-05-25 11:42:42,710 - __main__ - WARNING - Model not matching, skip!
2020-05-25 11:42:42,710 - __main__ - INFO - Connecting KAC_SUB-2 DEV-1-24
2020-05-25 11:42:44,510 - __main__ - WARNING - Model not matching, skip!
2020-05-25 11:42:44,511 - __main__ - INFO - Connecting KAC_SUB-2 DEV-1-25
2020-05-25 11:42:46,309 - __main__ - WARNING - Model not matching, skip!
2020-05-25 11:42:46,310 - __main__ - INFO - Connecting KAC_SUB-2 DEV-1-26
2020-05-25 11:42:48,161 - __main__ - WARNING - Model not matching, skip!
2020-05-25 11:42:48,162 - __main__ - INFO - Connecting KAC_SUB-2 DEV-1-27
2020-05-25 11:42:52,906 - __main__ - INFO - Connecting KAC_SUB-2 DEV-1-28
2020-05-25 11:42:57,695 - __main__ - INFO - Connecting KAC_SUB-2 DEV-1-29
2020-05-25 11:43:02,443 - __main__ - INFO - Connecting KAC_SUB-2 DEV-1-30
2020-05-25 11:43:07,202 - __main__ - INFO - Connecting KAC_SUB-2 DEV-1-31
2020-05-25 11:43:13,134 - __main__ - INFO - Connecting KAC_SUB-2 DEV-1-32
2020-05-25 11:43:18,142 - __main__ - INFO - Done. Total: 65
2020-05-25 11:43:18,142 - __main__ - INFO - Write to mod_result2.csv
