2020-07-02 19:02:26,636 - csvhandler - INFO - Write CSV header to Modem_info.csv
2020-07-02 19:02:26,643 - csvhandler - INFO - parse terminal with macaddress -- 00:06:39:8c:a3:db
2020-07-02 19:02:26,643 - csvhandler - INFO - parse terminal with macaddress -- 00:06:39:8c:91:58
2020-07-02 19:02:26,644 - csvhandler - INFO - parse terminal with macaddress -- 00:06:39:8c:7d:00
2020-07-02 19:03:47,125 - csvhandler - INFO - Write CSV header to Modem_info.csv
2020-07-02 19:03:47,127 - csvhandler - INFO - parse terminal with macaddress -- 00:06:39:8c:a3:db
2020-07-02 19:03:47,127 - csvhandler - INFO - parse terminal with macaddress -- 00:06:39:8c:91:58
2020-07-02 19:03:47,128 - csvhandler - INFO - parse terminal with macaddress -- 00:06:39:8c:7d:00
2020-07-02 19:05:47,135 - csvhandler - INFO - Write CSV header to Modem_info.csv
2020-07-02 19:05:47,137 - csvhandler - INFO - parse terminal with macaddress -- 00:06:39:8c:a3:db
2020-07-02 19:05:47,138 - csvhandler - INFO - parse terminal with macaddress -- 00:06:39:8c:91:58
2020-07-02 19:05:47,138 - csvhandler - INFO - parse terminal with macaddress -- 00:06:39:8c:7d:00
2020-07-02 19:06:56,567 - csvhandler - INFO - Write CSV header to Modem_info.csv
2020-07-02 19:06:56,571 - csvhandler - INFO - parse terminal with macaddress -- 00:06:39:8c:a3:db
2020-07-02 19:06:56,571 - csvhandler - INFO - parse terminal with macaddress -- 00:06:39:8c:91:58
2020-07-02 19:06:56,572 - csvhandler - INFO - parse terminal with macaddress -- 00:06:39:8c:7d:00
2020-07-02 19:11:33,060 - csvhandler - INFO - Write CSV header to Modem_info.csv
2020-07-02 19:11:33,064 - csvhandler - INFO - parse terminal with macaddress -- 00:06:39:8c:a3:db
2020-07-02 19:11:33,065 - csvhandler - INFO - parse terminal with macaddress -- 00:06:39:8c:91:58
2020-07-02 19:11:33,065 - csvhandler - INFO - parse terminal with macaddress -- 00:06:39:8c:7d:00
2020-07-02 19:12:52,355 - csvhandler - INFO - Write CSV header to Modem_info.csv
2020-07-02 19:12:52,359 - csvhandler - INFO - parse terminal with macaddress -- 00:06:39:8c:a3:db
2020-07-02 19:12:52,359 - csvhandler - INFO - parse terminal with macaddress -- 00:06:39:8c:91:58
2020-07-02 19:12:52,360 - csvhandler - INFO - parse terminal with macaddress -- 00:06:39:8c:7d:00
2020-07-02 19:17:14,740 - csvhandler - INFO - Write CSV header to Modem_info.csv
2020-07-02 19:17:14,743 - csvhandler - INFO - parse terminal with macaddress -- 00:06:39:8c:a3:db
2020-07-02 19:17:14,744 - csvhandler - INFO - parse terminal with macaddress -- 00:06:39:8c:91:58
2020-07-02 19:17:14,744 - csvhandler - INFO - parse terminal with macaddress -- 00:06:39:8c:7d:00
2020-07-02 19:20:15,282 - csvhandler - INFO - Write CSV header to Modem_info.csv
2020-07-02 19:20:15,285 - csvhandler - INFO - parse terminal with macaddress -- 00:06:39:8c:a3:db
2020-07-02 19:20:15,286 - csvhandler - INFO - parse terminal with macaddress -- 00:06:39:8c:91:58
2020-07-02 19:20:15,286 - csvhandler - INFO - parse terminal with macaddress -- 00:06:39:8c:7d:00
2020-07-02 19:22:06,882 - csvhandler - INFO - Write CSV header to Modem_info.csv
2020-07-02 19:22:06,885 - csvhandler - INFO - parse terminal with macaddress -- 00:06:39:8c:a3:db
2020-07-02 19:22:06,885 - csvhandler - INFO - parse terminal with macaddress -- 00:06:39:8c:91:58
2020-07-02 19:22:06,885 - csvhandler - INFO - parse terminal with macaddress -- 00:06:39:8c:7d:00
2020-07-02 19:28:39,984 - csvhandler - INFO - Write CSV header to Modem_info.csv
2020-07-02 19:28:39,988 - csvhandler - INFO - parse terminal with macaddress -- 00:06:39:8c:a3:db
2020-07-02 19:28:39,989 - csvhandler - INFO - parse terminal with macaddress -- 00:06:39:8c:91:58
2020-07-02 19:28:39,989 - csvhandler - INFO - parse terminal with macaddress -- 00:06:39:8c:7d:00
2020-07-02 19:31:34,613 - csvhandler - INFO - Write CSV header to Modem_info.csv
2020-07-02 19:31:34,616 - csvhandler - INFO - parse terminal with macaddress -- 00:06:39:8c:a3:db
2020-07-02 19:31:34,617 - csvhandler - INFO - parse terminal with macaddress -- 00:06:39:8c:91:58
2020-07-02 19:31:34,617 - csvhandler - INFO - parse terminal with macaddress -- 00:06:39:8c:7d:00
2020-07-02 19:33:10,931 - csvhandler - INFO - Write CSV header to Modem_info.csv
2020-07-02 19:33:10,934 - csvhandler - INFO - parse terminal with macaddress -- 00:06:39:8c:a3:db
2020-07-02 19:33:10,934 - csvhandler - INFO - parse terminal with macaddress -- 00:06:39:8c:91:58
2020-07-02 19:33:10,935 - csvhandler - INFO - parse terminal with macaddress -- 00:06:39:8c:7d:00
2020-07-02 19:34:31,222 - csvhandler - INFO - Write modemlist - PRIMACOM_HP97_HPLOBI1_B2 to Modem_info.csv
2020-07-02 19:36:32,016 - csvhandler - INFO - Write CSV header to Modem_info.csv
2020-07-02 19:36:32,020 - csvhandler - INFO - parse terminal with macaddress -- 00:06:39:8c:a3:db
2020-07-02 19:36:32,020 - csvhandler - INFO - parse terminal with macaddress -- 00:06:39:8c:91:58
2020-07-02 19:36:32,021 - csvhandler - INFO - parse terminal with macaddress -- 00:06:39:8c:7d:00
2020-07-02 19:37:42,395 - csvhandler - INFO - Write CSV header to Modem_info.csv
2020-07-02 19:37:42,399 - csvhandler - INFO - parse terminal with macaddress -- 00:06:39:8c:a3:db
2020-07-02 19:37:42,400 - csvhandler - INFO - parse terminal with macaddress -- 00:06:39:8c:91:58
2020-07-02 19:37:42,400 - csvhandler - INFO - parse terminal with macaddress -- 00:06:39:8c:7d:00
2020-07-02 19:40:56,119 - csvhandler - INFO - Write CSV header to Modem_info.csv
2020-07-02 19:40:56,122 - csvhandler - INFO - parse terminal with macaddress -- 00:06:39:8c:a3:db
2020-07-02 19:40:56,122 - csvhandler - INFO - parse terminal with macaddress -- 00:06:39:8c:91:58
2020-07-02 19:40:56,122 - csvhandler - INFO - parse terminal with macaddress -- 00:06:39:8c:7d:00
2020-07-02 19:42:20,543 - csvhandler - INFO - Write modemlist - PRIMACOM_HP97_HPLOBI1_B2 to Modem_info.csv
2020-07-02 19:43:39,049 - csvhandler - INFO - Write CSV header to Modem_info.csv
2020-07-02 19:43:39,052 - csvhandler - INFO - parse terminal with macaddress -- 00:06:39:8c:a3:db
2020-07-02 19:43:39,052 - csvhandler - INFO - parse terminal with macaddress -- 00:06:39:8c:91:58
2020-07-02 19:43:39,052 - csvhandler - INFO - parse terminal with macaddress -- 00:06:39:8c:7d:00
2020-07-02 19:46:58,634 - csvhandler - INFO - Write CSV header to Modem_info.csv
2020-07-02 19:46:58,637 - csvhandler - INFO - parse terminal with macaddress -- 00:06:39:8c:a3:db
2020-07-02 19:46:58,637 - csvhandler - INFO - parse terminal with macaddress -- 00:06:39:8c:91:58
2020-07-02 19:46:58,638 - csvhandler - INFO - parse terminal with macaddress -- 00:06:39:8c:7d:00
2020-07-02 19:47:46,224 - csvhandler - INFO - Write modemlist - PRIMACOM_HP97_HPLOBI1_B2 to Modem_info.csv
2020-07-02 19:48:16,117 - csvhandler - INFO - Write CSV header to Modem_info.csv
2020-07-02 19:48:16,121 - csvhandler - INFO - parse terminal with macaddress -- 00:06:39:8c:a3:db
2020-07-02 19:48:16,122 - csvhandler - INFO - parse terminal with macaddress -- 00:06:39:8c:91:58
2020-07-02 19:48:16,122 - csvhandler - INFO - parse terminal with macaddress -- 00:06:39:8c:7d:00
2020-07-02 19:49:55,102 - csvhandler - INFO - Write modemlist - PRIMACOM_HP97_HPLOBI1_B2 to Modem_info.csv
2020-07-02 19:54:35,940 - csvhandler - INFO - Write CSV header to Modem_info.csv
2020-07-02 19:54:35,942 - csvhandler - INFO - parse terminal with macaddress -- 00:06:39:8c:a3:db
2020-07-02 19:54:35,943 - csvhandler - INFO - parse terminal with macaddress -- 00:06:39:8c:91:58
2020-07-02 19:54:35,943 - csvhandler - INFO - parse terminal with macaddress -- 00:06:39:8c:7d:00
2020-07-02 19:55:10,252 - csvhandler - INFO - Write CSV header to Modem_info.csv
2020-07-02 19:55:10,254 - csvhandler - INFO - parse terminal with macaddress -- 00:06:39:8c:a3:db
2020-07-02 19:55:10,254 - csvhandler - INFO - parse terminal with macaddress -- 00:06:39:8c:91:58
2020-07-02 19:55:10,255 - csvhandler - INFO - parse terminal with macaddress -- 00:06:39:8c:7d:00
2020-07-02 19:56:29,954 - csvhandler - INFO - Write modemlist - PRIMACOM_HP97_HPLOBI1_B2 to Modem_info.csv
2020-07-02 19:57:09,005 - csvhandler - INFO - Write modemlist - 04-CMIMRN to Modem_info.csv
2020-07-02 19:57:41,964 - csvhandler - INFO - Write modemlist - 04-CMISKR to Modem_info.csv
2020-07-06 10:59:33,876 - csvhandler - INFO - Write CSV header to Modem_info.csv
2020-07-06 10:59:33,914 - csvhandler - INFO - parse terminal with macaddress -- 00:06:39:8c:a3:db
2020-07-06 11:00:26,610 - csvhandler - INFO - Write modemlist - PRIMACOM_HP97_HPLOBI1_B2 to Modem_info.csv
2020-07-11 09:55:36,658 - csvhandler - INFO - Write CSV header to Modem_info.csv
2020-07-11 09:55:36,674 - csvhandler - INFO - parse terminal with macaddress -- 00:06:39:8c:a3:db
2020-07-11 09:56:17,589 - csvhandler - INFO - Write modemlist - 02-HPL001 to Modem_info.csv
2020-07-11 10:16:56,198 - csvhandler - INFO - Write CSV header to Modem_info.csv
2020-07-11 10:16:56,201 - csvhandler - INFO - parse terminal with macaddress -- 00:06:39:8c:a3:db
2020-07-11 10:17:43,546 - csvhandler - INFO - Write modemlist - 02-HPL001 to Modem_info.csv
2020-07-24 14:30:46,781 - csvhandler - INFO - Write CSV header to Modem_info.csv
2020-07-24 14:30:46,796 - csvhandler - INFO - parse terminal with macaddress -- 00:06:39:8b:d4:90
2020-07-24 14:30:46,796 - csvhandler - INFO - parse terminal with macaddress -- 00:06:39:8c:32:fb
2020-07-24 14:30:46,797 - csvhandler - INFO - parse terminal with macaddress -- 00:06:39:8c:ba:6a
2020-07-24 14:30:46,797 - csvhandler - INFO - parse terminal with macaddress -- 00:06:39:8c:ba:d3
2020-07-24 14:30:46,797 - csvhandler - INFO - parse terminal with macaddress -- 00:06:39:8c:b9:0c
2020-07-24 14:30:46,798 - csvhandler - INFO - parse terminal with macaddress -- 00:06:39:8c:b7:f4
2020-07-24 14:30:46,798 - csvhandler - INFO - parse terminal with macaddress -- 00:06:39:8b:f4:8e
2020-07-24 14:30:46,799 - csvhandler - INFO - parse terminal with macaddress -- 00:06:39:8b:f1:bd
2020-07-24 14:30:46,799 - csvhandler - INFO - parse terminal with macaddress -- 00:06:39:8b:ed:64
2020-07-24 14:30:46,800 - csvhandler - INFO - parse terminal with macaddress -- 00:06:39:8b:f9:dc
2020-07-24 14:30:46,800 - csvhandler - INFO - parse terminal with macaddress -- 00:06:39:8b:f5:d0
2020-07-24 14:30:46,800 - csvhandler - INFO - parse terminal with macaddress -- 00:06:39:8c:b8:48
2020-07-24 14:30:46,801 - csvhandler - INFO - parse terminal with macaddress -- 00:06:39:8b:de:84
2020-07-24 14:30:46,801 - csvhandler - INFO - parse terminal with macaddress -- 00:06:39:8b:e3:85
2020-07-24 14:30:46,801 - csvhandler - INFO - parse terminal with macaddress -- 00:06:39:8b:fe:ac
2020-07-24 14:30:46,802 - csvhandler - INFO - parse terminal with macaddress -- 00:06:39:8c:04:fd
2020-07-24 14:30:46,802 - csvhandler - INFO - parse terminal with macaddress -- 00:06:39:8b:f7:27
2020-07-24 14:30:46,802 - csvhandler - INFO - parse terminal with macaddress -- 00:06:39:8b:f9:ff
2020-07-24 14:30:46,803 - csvhandler - INFO - parse terminal with macaddress -- 00:06:39:8c:05:74
2020-07-24 14:30:46,803 - csvhandler - INFO - parse terminal with macaddress -- 00:06:39:8b:ff:8c
2020-07-24 14:30:46,803 - csvhandler - INFO - parse terminal with macaddress -- 00:06:39:8b:f5:ec
2020-07-24 14:30:46,804 - csvhandler - INFO - parse terminal with macaddress -- 00:06:39:8b:f5:c2
2020-07-24 14:30:46,804 - csvhandler - INFO - parse terminal with macaddress -- 00:06:39:8c:05:ac
2020-07-24 14:30:46,804 - csvhandler - INFO - parse terminal with macaddress -- 00:06:39:8b:f8:d2
2020-07-24 14:30:46,805 - csvhandler - INFO - parse terminal with macaddress -- 00:06:39:8b:e3:d9
2020-07-24 14:30:46,805 - csvhandler - INFO - parse terminal with macaddress -- 00:06:39:8b:fe:dd
2020-07-24 14:30:46,805 - csvhandler - INFO - parse terminal with macaddress -- 00:06:39:8b:f1:e0
2020-07-24 14:30:46,806 - csvhandler - INFO - parse terminal with macaddress -- 00:06:39:8b:6e:99
2020-07-24 14:30:46,806 - csvhandler - INFO - parse terminal with macaddress -- 00:06:39:8b:f0:90
2020-07-24 14:30:46,806 - csvhandler - INFO - parse terminal with macaddress -- 00:06:39:8b:ee:8a
2020-07-24 14:30:46,807 - csvhandler - INFO - parse terminal with macaddress -- 00:06:39:8b:f9:5e
2020-07-24 14:30:46,808 - csvhandler - INFO - parse terminal with macaddress -- 00:06:39:8b:fe:f2
2020-07-24 14:30:46,808 - csvhandler - INFO - parse terminal with macaddress -- 00:06:39:8b:fb:e2
2020-07-24 14:30:46,808 - csvhandler - INFO - parse terminal with macaddress -- 00:06:39:8c:3e:ee
2020-07-24 14:30:46,809 - csvhandler - INFO - parse terminal with macaddress -- 00:06:39:8c:84:07
2020-07-24 14:30:46,809 - csvhandler - INFO - parse terminal with macaddress -- 00:06:39:8c:3d:04
2020-07-24 14:30:46,809 - csvhandler - INFO - parse terminal with macaddress -- 00:06:39:8c:42:bb
2020-07-24 14:30:46,810 - csvhandler - INFO - parse terminal with macaddress -- 00:06:39:8c:41:a3
2020-07-24 14:30:46,810 - csvhandler - INFO - parse terminal with macaddress -- 00:06:39:8c:47:29
2020-07-24 14:30:46,810 - csvhandler - INFO - parse terminal with macaddress -- 00:06:39:8c:86:99
2020-07-24 14:30:46,811 - csvhandler - INFO - parse terminal with macaddress -- 00:06:39:8c:42:98
2020-07-24 14:30:46,811 - csvhandler - INFO - parse terminal with macaddress -- 00:06:39:8c:fc:8f
2020-07-24 14:30:46,812 - csvhandler - INFO - parse terminal with macaddress -- 00:06:39:8c:47:fb
2020-07-24 14:30:46,812 - csvhandler - INFO - parse terminal with macaddress -- 00:06:39:8c:3f:7a
2020-07-24 14:30:46,813 - csvhandler - INFO - parse terminal with macaddress -- 00:06:39:8c:3b:05
2020-07-24 14:30:46,813 - csvhandler - INFO - parse terminal with macaddress -- 00:06:39:8c:49:a6
2020-07-24 14:30:46,814 - csvhandler - INFO - parse terminal with macaddress -- 00:06:39:8c:4c:70
2020-07-24 14:30:46,814 - csvhandler - INFO - parse terminal with macaddress -- 00:06:39:8c:35:b7
2020-07-24 14:30:46,814 - csvhandler - INFO - parse terminal with macaddress -- 00:06:39:8c:b8:02
2020-07-24 14:30:46,815 - csvhandler - INFO - parse terminal with macaddress -- 00:06:39:8c:b7:30
2020-07-24 14:30:46,815 - csvhandler - INFO - parse terminal with macaddress -- 00:06:39:8c:b8:72
2020-07-24 14:30:46,815 - csvhandler - INFO - parse terminal with macaddress -- 00:06:39:8c:bc:70
2020-07-24 14:30:46,816 - csvhandler - INFO - parse terminal with macaddress -- 00:06:39:8c:b6:f8
2020-07-24 14:30:46,816 - csvhandler - INFO - parse terminal with macaddress -- 00:06:39:8c:bb:dd
2020-07-24 14:30:46,816 - csvhandler - INFO - parse terminal with macaddress -- 00:06:39:8c:be:61
2020-07-24 14:30:46,817 - csvhandler - INFO - parse terminal with macaddress -- 00:06:39:8c:80:64
2020-07-24 14:30:46,817 - csvhandler - INFO - parse terminal with macaddress -- 00:06:39:8c:86:ae
2020-07-24 14:30:46,817 - csvhandler - INFO - parse terminal with macaddress -- 00:06:39:8c:89:7f
2020-07-24 14:30:46,817 - csvhandler - INFO - parse terminal with macaddress -- 00:06:39:8c:84:a1
2020-07-24 14:30:46,818 - csvhandler - INFO - parse terminal with macaddress -- 00:06:39:8c:80:6b
2020-07-24 14:30:46,819 - csvhandler - INFO - parse terminal with macaddress -- 00:06:39:8c:7d:8c
2020-07-24 14:30:46,819 - csvhandler - INFO - parse terminal with macaddress -- 00:06:39:8c:7e:1f
2020-07-24 14:30:46,820 - csvhandler - INFO - parse terminal with macaddress -- 00:06:39:8c:82:e1
2020-07-24 14:30:46,820 - csvhandler - INFO - parse terminal with macaddress -- 00:06:39:8c:85:e3
2020-07-24 14:30:46,820 - csvhandler - INFO - parse terminal with macaddress -- 00:06:39:8c:85:c7
2020-07-24 14:30:46,822 - csvhandler - INFO - parse terminal with macaddress -- 00:06:39:8c:81:21
2020-07-24 14:30:46,823 - csvhandler - INFO - parse terminal with macaddress -- 00:06:39:8c:79:e9
2020-07-24 14:30:46,823 - csvhandler - INFO - parse terminal with macaddress -- 00:06:39:8c:85:6c
2020-07-24 14:30:46,824 - csvhandler - INFO - parse terminal with macaddress -- 00:06:39:8c:77:34
2020-07-24 14:30:46,824 - csvhandler - INFO - parse terminal with macaddress -- 00:06:39:8c:85:65
2020-07-24 14:30:46,825 - csvhandler - INFO - parse terminal with macaddress -- 00:06:39:8c:77:d5
2020-07-24 14:30:46,825 - csvhandler - INFO - parse terminal with macaddress -- 00:06:39:8c:84:70
2020-07-24 14:30:46,826 - csvhandler - INFO - parse terminal with macaddress -- 00:06:39:8c:8a:b3
2020-07-24 14:30:46,827 - csvhandler - INFO - parse terminal with macaddress -- 00:06:39:8c:8a:eb
2020-07-24 14:30:46,827 - csvhandler - INFO - parse terminal with macaddress -- 00:06:39:8c:7f:45
2020-07-24 14:30:46,827 - csvhandler - INFO - parse terminal with macaddress -- 00:06:39:8c:87:5d
2020-07-24 14:30:46,828 - csvhandler - INFO - parse terminal with macaddress -- 00:06:39:8c:7e:b9
2020-07-24 14:30:46,828 - csvhandler - INFO - parse terminal with macaddress -- 00:06:39:8b:6a:55
2020-07-24 14:30:46,828 - csvhandler - INFO - parse terminal with macaddress -- 00:06:39:8c:7e:42
2020-07-24 14:30:46,829 - csvhandler - INFO - parse terminal with macaddress -- 00:06:39:8c:83:3c
2020-07-24 14:30:46,829 - csvhandler - INFO - parse terminal with macaddress -- 00:06:39:8c:7c:12
2020-07-24 14:30:46,829 - csvhandler - INFO - parse terminal with macaddress -- 00:06:39:8c:81:67
2020-07-24 14:30:46,830 - csvhandler - INFO - parse terminal with macaddress -- 00:06:39:8c:80:c6
2020-07-24 14:30:46,830 - csvhandler - INFO - parse terminal with macaddress -- 00:06:39:8c:7e:0a
2020-07-24 14:30:46,831 - csvhandler - INFO - parse terminal with macaddress -- 00:06:39:8c:76:62
2020-07-24 14:30:46,831 - csvhandler - INFO - parse terminal with macaddress -- 00:06:39:8c:80:aa
2020-07-24 14:30:46,832 - csvhandler - INFO - parse terminal with macaddress -- 00:06:39:8c:82:cc
2020-07-24 14:30:46,832 - csvhandler - INFO - parse terminal with macaddress -- 00:06:39:8c:7b:16
2020-07-24 14:30:46,833 - csvhandler - INFO - parse terminal with macaddress -- 00:06:39:8c:7e:18
2020-07-24 14:30:46,833 - csvhandler - INFO - parse terminal with macaddress -- 00:06:39:8c:74:d3
2020-07-24 14:39:00,331 - csvhandler - INFO - Write modemlist - 13-SMOPOL to Modem_info.csv
2020-07-24 14:40:11,072 - csvhandler - INFO - Write modemlist - ASN_AGAST_B13 to Modem_info.csv
2020-07-24 14:41:19,926 - csvhandler - INFO - Write modemlist - ASN_TRIAL_BankPapua_TOLIKARA_B13 to Modem_info.csv
2020-07-24 14:45:32,411 - csvhandler - INFO - Write modemlist - EXCITE_HP1_MNS9_Wuvulu_B13 to Modem_info.csv
2020-07-24 14:47:10,573 - csvhandler - INFO - Write modemlist - EXCITE_HP1_VAN34_Bewani_ImbioMill_B13 to Modem_info.csv
2020-07-24 14:48:56,950 - csvhandler - INFO - Write modemlist - EXCITE_HP2_ATP_St_IgnatiusSchool_B13 to Modem_info.csv
2020-07-24 14:50:41,115 - csvhandler - INFO - Write modemlist - EXCITE_HP2_VAN13_BewaniTSL_B13 to Modem_info.csv
2020-07-24 14:52:30,933 - csvhandler - INFO - Write modemlist - EXCITE_HP2_VAN17_MedalionHotel_B13 to Modem_info.csv
2020-07-24 14:54:15,178 - csvhandler - INFO - Write modemlist - EXCITE_HP2_VAN20_NationalForestSer_B13 to Modem_info.csv
2020-07-24 14:57:11,414 - csvhandler - INFO - Write modemlist - EXCITE_HP2_VAN26_Sunland_LTD_B13 to Modem_info.csv
2020-07-24 14:58:22,562 - csvhandler - INFO - Write modemlist - EXCITE_HP2_VAN2_VanimoSupermarket_B13 to Modem_info.csv
2020-07-24 15:01:04,982 - csvhandler - INFO - Write modemlist - EXCITE_HP2_VAN3_BOPPL_HQVanimo_B13 to Modem_info.csv
2020-07-24 15:02:15,203 - csvhandler - INFO - Write modemlist - EXCITE_HP2_VAN5_AMFOREST_MakaCamp_B13 to Modem_info.csv
2020-07-24 15:03:28,076 - csvhandler - INFO - Write modemlist - EXCITE_HP2_VAN60_ImbioOPLCamp_B13 to Modem_info.csv
2020-07-24 15:04:38,469 - csvhandler - INFO - Write modemlist - EXCITE_HP2_VAN61_AitapeJayaLtd_B13 to Modem_info.csv
2020-07-24 15:05:45,097 - csvhandler - INFO - Write modemlist - EXCITE_HP2_VAN6_AMANAB_FOREST_PROD_B13 to Modem_info.csv
2020-07-24 15:06:59,927 - csvhandler - INFO - Write modemlist - EXCITE_HP2_VAN9_ImbioBOPPL_B13 to Modem_info.csv
2020-07-24 15:08:08,688 - csvhandler - INFO - Write modemlist - EXCITE_HP2_VAN_AmanabForestStonepas_B13 to Modem_info.csv
2020-07-24 15:10:30,377 - csvhandler - INFO - Write modemlist - KARUNIASINERGI_HP1_T0002_B13 to Modem_info.csv
2020-07-24 15:11:42,661 - csvhandler - INFO - Write modemlist - KSINERGI_HP1_T0004_B13 to Modem_info.csv
2020-07-24 15:14:21,594 - csvhandler - INFO - Write modemlist - KSINERGI_HP1_T0007_B13 to Modem_info.csv
2020-07-24 15:15:26,030 - csvhandler - INFO - Write modemlist - KSINERGI_HP1_T0008_B13 to Modem_info.csv
2020-07-24 15:16:32,932 - csvhandler - INFO - Write modemlist - KSINERGI_HP3_T0003_B13 to Modem_info.csv
2020-07-24 15:17:35,867 - csvhandler - INFO - Write modemlist - PETRO1_HP1_T0034_B13 to Modem_info.csv
2020-07-24 15:22:19,011 - csvhandler - INFO - Write modemlist - PETRO1_HP1_T0065_B13 to Modem_info.csv
2020-07-24 15:24:15,525 - csvhandler - INFO - Write modemlist - PETRO1_HP1_T0066_B13 to Modem_info.csv
2020-07-24 15:25:25,109 - csvhandler - INFO - Write modemlist - PETRO1_HP1_T0070_B13 to Modem_info.csv
2020-07-24 15:26:37,523 - csvhandler - INFO - Write modemlist - PETRO1_HP1_T0071_B13 to Modem_info.csv
2020-07-24 15:28:35,052 - csvhandler - INFO - Write modemlist - Test-JAV-1-13 to Modem_info.csv
2020-07-24 15:29:42,066 - csvhandler - INFO - Write modemlist - Test-JAV-2-13_benyom_jaya to Modem_info.csv
2020-07-24 15:30:44,962 - csvhandler - INFO - Write modemlist - Test_JAV_21_13_agast to Modem_info.csv
2020-07-24 15:31:45,566 - csvhandler - INFO - Write modemlist - Test_JAV_22_13_SantosoTolikara to Modem_info.csv
2020-07-24 15:33:25,604 - csvhandler - INFO - Write modemlist - Test_JAV_4_13_mappi to Modem_info.csv
2020-07-24 15:34:30,477 - csvhandler - INFO - Write modemlist - Test_JAV_5_13_Wamena to Modem_info.csv
2020-07-24 15:35:33,927 - csvhandler - INFO - Write modemlist - PETRO1_HP1_T0001_B10 to Modem_info.csv
2020-07-24 15:36:39,504 - csvhandler - INFO - Write modemlist - PETRO1_HP1_T0002_B10 to Modem_info.csv
2020-07-24 15:38:59,406 - csvhandler - INFO - Write modemlist - PETRO1_HP1_T0005_B10 to Modem_info.csv
2020-07-24 15:40:38,356 - csvhandler - INFO - Write modemlist - PETRO1_HP1_T0008_B10 to Modem_info.csv
2020-07-24 15:41:40,253 - csvhandler - INFO - Write modemlist - PETRO1_HP1_T0009_B10 to Modem_info.csv
2020-07-24 15:42:48,261 - csvhandler - INFO - Write modemlist - PETRO1_HP1_T0011_B10 to Modem_info.csv
2020-07-24 15:43:47,312 - csvhandler - INFO - Write modemlist - PETRO1_HP1_T0012_B10 to Modem_info.csv
2020-07-24 15:44:58,156 - csvhandler - INFO - Write modemlist - PETRO1_HP1_T0013_B10 to Modem_info.csv
2020-07-24 15:45:58,142 - csvhandler - INFO - Write modemlist - PETRO1_HP1_T0014_B10 to Modem_info.csv
2020-07-24 15:46:58,247 - csvhandler - INFO - Write modemlist - PETRO1_HP1_T0015_B10 to Modem_info.csv
2020-07-24 15:48:26,456 - csvhandler - INFO - Write modemlist - PETRO1_HP1_T0037_B10 to Modem_info.csv
2020-07-24 15:49:24,096 - csvhandler - INFO - Write modemlist - PETRO1_HP1_T0038_B10 to Modem_info.csv
2020-07-24 15:50:29,211 - csvhandler - INFO - Write modemlist - PETRO1_HP1_T0047_B10 to Modem_info.csv
2020-07-24 15:51:33,770 - csvhandler - INFO - Write modemlist - PETRO1_HP1_T0048_B10 to Modem_info.csv
2020-07-24 15:52:33,225 - csvhandler - INFO - Write modemlist - PETRO1_HP1_T0049_B10 to Modem_info.csv
2020-07-24 15:54:54,552 - csvhandler - INFO - Write modemlist - PETRO1_HP6_T0017_B10 to Modem_info.csv
2020-07-24 15:56:07,454 - csvhandler - INFO - Write modemlist - PETRO1_HP6_T0018_B10 to Modem_info.csv
2020-07-24 15:57:19,669 - csvhandler - INFO - Write modemlist - PETRO1_HP6_T0019_B10 to Modem_info.csv
2020-07-24 15:58:16,219 - csvhandler - INFO - Write modemlist - PETRO1_HP6_T0020_B10 to Modem_info.csv
2020-07-24 16:00:39,403 - csvhandler - INFO - Write modemlist - PETRO1_HP6_T0022_B10 to Modem_info.csv
2020-07-24 16:02:00,007 - csvhandler - INFO - Write modemlist - PETRO1_HP6_T0027_B10 to Modem_info.csv
2020-07-24 16:03:16,029 - csvhandler - INFO - Write modemlist - PETRO1_HP6_T0030_B10 to Modem_info.csv
2020-07-24 16:04:29,565 - csvhandler - INFO - Write modemlist - PETRO1_HP6_T0046_B10 to Modem_info.csv
2020-07-24 16:05:36,732 - csvhandler - INFO - Write modemlist - PETRO1_HP6_T0054_B10 to Modem_info.csv
2020-07-24 16:06:49,555 - csvhandler - INFO - Write modemlist - PETRO1_HP6_T0055_B10 to Modem_info.csv
2020-07-24 16:07:52,533 - csvhandler - INFO - Write modemlist - PETRO1_HP6_T0056_B10 to Modem_info.csv
2020-07-30 08:02:16,186 - csvhandler - INFO - Write CSV header to Modem_info.csv
2020-07-30 08:02:16,229 - csvhandler - INFO - parse terminal with macaddress -- 00:06:39:8b:d4:90
2020-07-30 08:02:16,229 - csvhandler - INFO - parse terminal with macaddress -- 00:06:39:8c:32:fb
2020-07-30 08:02:16,229 - csvhandler - INFO - parse terminal with macaddress -- 00:06:39:8c:ba:6a
2020-07-30 08:02:16,230 - csvhandler - INFO - parse terminal with macaddress -- 00:06:39:8c:ba:d3
2020-07-30 08:02:16,230 - csvhandler - INFO - parse terminal with macaddress -- 00:06:39:8c:b9:0c
2020-07-30 08:02:16,230 - csvhandler - INFO - parse terminal with macaddress -- 00:06:39:8c:b7:f4
2020-07-30 08:02:16,230 - csvhandler - INFO - parse terminal with macaddress -- 00:06:39:8b:f4:8e
2020-07-30 08:02:16,231 - csvhandler - INFO - parse terminal with macaddress -- 00:06:39:8b:f1:bd
2020-07-30 08:02:16,231 - csvhandler - INFO - parse terminal with macaddress -- 00:06:39:8b:ed:64
2020-07-30 08:02:16,231 - csvhandler - INFO - parse terminal with macaddress -- 00:06:39:8b:f9:dc
2020-07-30 08:02:16,231 - csvhandler - INFO - parse terminal with macaddress -- 00:06:39:8b:f5:d0
2020-07-30 08:02:16,232 - csvhandler - INFO - parse terminal with macaddress -- 00:06:39:8c:b8:48
2020-07-30 08:02:16,232 - csvhandler - INFO - parse terminal with macaddress -- 00:06:39:8b:de:84
2020-07-30 08:02:16,232 - csvhandler - INFO - parse terminal with macaddress -- 00:06:39:8b:e3:85
2020-07-30 08:02:16,232 - csvhandler - INFO - parse terminal with macaddress -- 00:06:39:8b:fe:ac
2020-07-30 08:02:16,232 - csvhandler - INFO - parse terminal with macaddress -- 00:06:39:8c:04:fd
2020-07-30 08:02:16,233 - csvhandler - INFO - parse terminal with macaddress -- 00:06:39:8b:f7:27
2020-07-30 08:02:16,233 - csvhandler - INFO - parse terminal with macaddress -- 00:06:39:8b:f9:ff
2020-07-30 08:02:16,233 - csvhandler - INFO - parse terminal with macaddress -- 00:06:39:8c:05:74
2020-07-30 08:02:16,233 - csvhandler - INFO - parse terminal with macaddress -- 00:06:39:8b:ff:8c
2020-07-30 08:02:16,234 - csvhandler - INFO - parse terminal with macaddress -- 00:06:39:8b:f5:ec
2020-07-30 08:02:16,234 - csvhandler - INFO - parse terminal with macaddress -- 00:06:39:8b:f5:c2
2020-07-30 08:02:16,234 - csvhandler - INFO - parse terminal with macaddress -- 00:06:39:8c:05:ac
2020-07-30 08:02:16,234 - csvhandler - INFO - parse terminal with macaddress -- 00:06:39:8b:f8:d2
2020-07-30 08:02:16,234 - csvhandler - INFO - parse terminal with macaddress -- 00:06:39:8b:e3:d9
2020-07-30 08:02:16,235 - csvhandler - INFO - parse terminal with macaddress -- 00:06:39:8b:fe:dd
2020-07-30 08:02:16,235 - csvhandler - INFO - parse terminal with macaddress -- 00:06:39:8b:f1:e0
2020-07-30 08:02:16,235 - csvhandler - INFO - parse terminal with macaddress -- 00:06:39:8b:6e:99
2020-07-30 08:02:16,235 - csvhandler - INFO - parse terminal with macaddress -- 00:06:39:8b:f0:90
2020-07-30 08:02:16,235 - csvhandler - INFO - parse terminal with macaddress -- 00:06:39:8b:ee:8a
2020-07-30 08:02:16,236 - csvhandler - INFO - parse terminal with macaddress -- 00:06:39:8b:f9:5e
2020-07-30 08:02:16,236 - csvhandler - INFO - parse terminal with macaddress -- 00:06:39:8b:fe:f2
2020-07-30 08:02:16,236 - csvhandler - INFO - parse terminal with macaddress -- 00:06:39:8b:fb:e2
2020-07-30 08:02:16,237 - csvhandler - INFO - parse terminal with macaddress -- 00:06:39:8c:3e:ee
2020-07-30 08:02:16,237 - csvhandler - INFO - parse terminal with macaddress -- 00:06:39:8c:84:07
2020-07-30 08:02:16,237 - csvhandler - INFO - parse terminal with macaddress -- 00:06:39:8c:3d:04
2020-07-30 08:02:16,237 - csvhandler - INFO - parse terminal with macaddress -- 00:06:39:8c:42:bb
2020-07-30 08:02:16,237 - csvhandler - INFO - parse terminal with macaddress -- 00:06:39:8c:41:a3
2020-07-30 08:02:16,238 - csvhandler - INFO - parse terminal with macaddress -- 00:06:39:8c:47:29
2020-07-30 08:02:16,238 - csvhandler - INFO - parse terminal with macaddress -- 00:06:39:8c:86:99
2020-07-30 08:02:16,238 - csvhandler - INFO - parse terminal with macaddress -- 00:06:39:8c:42:98
2020-07-30 08:02:16,238 - csvhandler - INFO - parse terminal with macaddress -- 00:06:39:8c:fc:8f
2020-07-30 08:02:16,239 - csvhandler - INFO - parse terminal with macaddress -- 00:06:39:8c:47:fb
2020-07-30 08:02:16,239 - csvhandler - INFO - parse terminal with macaddress -- 00:06:39:8c:3f:7a
2020-07-30 08:02:16,239 - csvhandler - INFO - parse terminal with macaddress -- 00:06:39:8c:3b:05
2020-07-30 08:02:16,239 - csvhandler - INFO - parse terminal with macaddress -- 00:06:39:8c:49:a6
2020-07-30 08:02:16,240 - csvhandler - INFO - parse terminal with macaddress -- 00:06:39:8c:4c:70
2020-07-30 08:02:16,240 - csvhandler - INFO - parse terminal with macaddress -- 00:06:39:8c:35:b7
2020-07-30 08:02:16,240 - csvhandler - INFO - parse terminal with macaddress -- 00:06:39:8c:b8:02
2020-07-30 08:02:16,240 - csvhandler - INFO - parse terminal with macaddress -- 00:06:39:8c:b7:30
2020-07-30 08:02:16,240 - csvhandler - INFO - parse terminal with macaddress -- 00:06:39:8c:b8:72
2020-07-30 08:02:16,241 - csvhandler - INFO - parse terminal with macaddress -- 00:06:39:8c:bc:70
2020-07-30 08:02:16,241 - csvhandler - INFO - parse terminal with macaddress -- 00:06:39:8c:b6:f8
2020-07-30 08:02:16,242 - csvhandler - INFO - parse terminal with macaddress -- 00:06:39:8c:bb:dd
2020-07-30 08:02:16,242 - csvhandler - INFO - parse terminal with macaddress -- 00:06:39:8c:be:61
2020-07-30 08:02:16,242 - csvhandler - INFO - parse terminal with macaddress -- 00:06:39:8c:80:64
2020-07-30 08:02:16,243 - csvhandler - INFO - parse terminal with macaddress -- 00:06:39:8c:86:ae
2020-07-30 08:02:16,243 - csvhandler - INFO - parse terminal with macaddress -- 00:06:39:8c:89:7f
2020-07-30 08:02:16,243 - csvhandler - INFO - parse terminal with macaddress -- 00:06:39:8c:84:a1
2020-07-30 08:02:16,243 - csvhandler - INFO - parse terminal with macaddress -- 00:06:39:8c:80:6b
2020-07-30 08:02:16,244 - csvhandler - INFO - parse terminal with macaddress -- 00:06:39:8c:7d:8c
2020-07-30 08:02:16,244 - csvhandler - INFO - parse terminal with macaddress -- 00:06:39:8c:7e:1f
2020-07-30 08:02:16,244 - csvhandler - INFO - parse terminal with macaddress -- 00:06:39:8c:82:e1
2020-07-30 08:02:16,244 - csvhandler - INFO - parse terminal with macaddress -- 00:06:39:8c:85:e3
2020-07-30 08:02:16,244 - csvhandler - INFO - parse terminal with macaddress -- 00:06:39:8c:85:c7
2020-07-30 08:02:16,245 - csvhandler - INFO - parse terminal with macaddress -- 00:06:39:8c:81:21
2020-07-30 08:02:16,245 - csvhandler - INFO - parse terminal with macaddress -- 00:06:39:8c:79:e9
2020-07-30 08:02:16,245 - csvhandler - INFO - parse terminal with macaddress -- 00:06:39:8c:85:6c
2020-07-30 08:02:16,245 - csvhandler - INFO - parse terminal with macaddress -- 00:06:39:8c:77:34
2020-07-30 08:02:16,245 - csvhandler - INFO - parse terminal with macaddress -- 00:06:39:8c:85:65
2020-07-30 08:02:16,246 - csvhandler - INFO - parse terminal with macaddress -- 00:06:39:8c:77:d5
2020-07-30 08:02:16,246 - csvhandler - INFO - parse terminal with macaddress -- 00:06:39:8c:84:70
2020-07-30 08:02:16,246 - csvhandler - INFO - parse terminal with macaddress -- 00:06:39:8c:8a:b3
2020-07-30 08:02:16,246 - csvhandler - INFO - parse terminal with macaddress -- 00:06:39:8c:8a:eb
2020-07-30 08:02:16,247 - csvhandler - INFO - parse terminal with macaddress -- 00:06:39:8c:7f:45
2020-07-30 08:02:16,247 - csvhandler - INFO - parse terminal with macaddress -- 00:06:39:8c:87:5d
2020-07-30 08:02:16,247 - csvhandler - INFO - parse terminal with macaddress -- 00:06:39:8c:7e:b9
2020-07-30 08:02:16,248 - csvhandler - INFO - parse terminal with macaddress -- 00:06:39:8b:6a:55
2020-07-30 08:02:16,248 - csvhandler - INFO - parse terminal with macaddress -- 00:06:39:8c:7e:42
2020-07-30 08:02:16,248 - csvhandler - INFO - parse terminal with macaddress -- 00:06:39:8c:83:3c
2020-07-30 08:02:16,249 - csvhandler - INFO - parse terminal with macaddress -- 00:06:39:8c:7c:12
2020-07-30 08:02:16,249 - csvhandler - INFO - parse terminal with macaddress -- 00:06:39:8c:81:67
2020-07-30 08:02:16,250 - csvhandler - INFO - parse terminal with macaddress -- 00:06:39:8c:80:c6
2020-07-30 08:02:16,250 - csvhandler - INFO - parse terminal with macaddress -- 00:06:39:8c:7e:0a
2020-07-30 08:02:16,250 - csvhandler - INFO - parse terminal with macaddress -- 00:06:39:8c:76:62
2020-07-30 08:02:16,251 - csvhandler - INFO - parse terminal with macaddress -- 00:06:39:8c:80:aa
2020-07-30 08:02:16,251 - csvhandler - INFO - parse terminal with macaddress -- 00:06:39:8c:82:cc
2020-07-30 08:02:16,251 - csvhandler - INFO - parse terminal with macaddress -- 00:06:39:8c:7b:16
2020-07-30 08:02:16,252 - csvhandler - INFO - parse terminal with macaddress -- 00:06:39:8c:7e:18
2020-07-30 08:02:16,252 - csvhandler - INFO - parse terminal with macaddress -- 00:06:39:8c:74:d3
2020-07-30 08:03:54,241 - csvhandler - INFO - Write modemlist - 13-SMOPOL to Modem_info.csv
2020-07-30 08:04:20,510 - csvhandler - INFO - Write modemlist - EMSTRET_HP1_T0032_B13 to Modem_info.csv
2020-07-30 08:05:18,521 - csvhandler - INFO - Write modemlist - EXCITE_HP1_MNS5_ManusSchool2_Aua_B13 to Modem_info.csv
2020-07-30 08:05:44,825 - csvhandler - INFO - Write modemlist - EXCITE_HP1_MNS9_Wuvulu_B13 to Modem_info.csv
2020-07-30 08:06:10,990 - csvhandler - INFO - Write modemlist - EXCITE_HP1_VAN11_SumuminiSBSL_B13 to Modem_info.csv
2020-07-30 08:06:37,199 - csvhandler - INFO - Write modemlist - EXCITE_HP1_VAN34_Bewani_ImbioMill_B13 to Modem_info.csv
2020-07-30 08:07:03,409 - csvhandler - INFO - Write modemlist - EXCITE_HP1_VAN35_Amanab56Timber_B13 to Modem_info.csv
2020-07-30 08:07:29,956 - csvhandler - INFO - Write modemlist - EXCITE_HP2_ATP_St_IgnatiusSchool_B13 to Modem_info.csv
2020-07-30 08:07:56,248 - csvhandler - INFO - Write modemlist - EXCITE_HP2_VAN12_SumuminiTSL_B13 to Modem_info.csv
2020-07-30 08:09:43,892 - csvhandler - INFO - Write modemlist - EXCITE_HP2_VAN13_BewaniTSL_B13 to Modem_info.csv
2020-07-30 08:10:10,404 - csvhandler - INFO - Write modemlist - EXCITE_HP2_VAN14_PaulPioBOPPL_B13 to Modem_info.csv
2020-07-30 08:10:37,036 - csvhandler - INFO - Write modemlist - EXCITE_HP2_VAN17_MedalionHotel_B13 to Modem_info.csv
2020-07-30 08:11:03,460 - csvhandler - INFO - Write modemlist - EXCITE_HP2_VAN18_BOPPNew_B13 to Modem_info.csv
2020-07-30 08:11:29,742 - csvhandler - INFO - Write modemlist - EXCITE_HP2_VAN20_NationalForestSer_B13 to Modem_info.csv
2020-07-30 08:12:27,673 - csvhandler - INFO - Write modemlist - EXCITE_HP2_VAN22_AmanabForestPIMAS_B13 to Modem_info.csv
2020-07-30 08:12:54,216 - csvhandler - INFO - Write modemlist - EXCITE_HP2_VAN23_WestSepikProvinAdm_B13 to Modem_info.csv
2020-07-30 08:14:23,757 - csvhandler - INFO - Write modemlist - EXCITE_HP2_VAN2_VanimoSupermarket_B13 to Modem_info.csv
2020-07-30 08:14:49,860 - csvhandler - INFO - Write modemlist - EXCITE_HP2_VAN3_BOPPL_HQVanimo_B13 to Modem_info.csv
2020-07-30 08:15:16,245 - csvhandler - INFO - Write modemlist - EXCITE_HP2_VAN5_AMFOREST_MakaCamp_B13 to Modem_info.csv
2020-07-30 08:15:42,344 - csvhandler - INFO - Write modemlist - EXCITE_HP2_VAN60_ImbioOPLCamp_B13 to Modem_info.csv
2020-07-30 08:16:08,472 - csvhandler - INFO - Write modemlist - EXCITE_HP2_VAN61_AitapeJayaLtd_B13 to Modem_info.csv
2020-07-30 08:16:35,814 - csvhandler - INFO - Write modemlist - EXCITE_HP2_VAN6_AMANAB_FOREST_PROD_B13 to Modem_info.csv
2020-07-30 08:17:01,919 - csvhandler - INFO - Write modemlist - EXCITE_HP2_VAN9_ImbioBOPPL_B13 to Modem_info.csv
2020-07-30 08:17:28,159 - csvhandler - INFO - Write modemlist - EXCITE_HP2_VAN_AmanabForestStonepas_B13 to Modem_info.csv
2020-07-30 08:17:56,120 - csvhandler - INFO - Write modemlist - EXCITE_HP2_VAN_PJ_PlantationsLtd_B13 to Modem_info.csv
2020-07-30 08:18:23,055 - csvhandler - INFO - Write modemlist - KARUNIASINERGI_HP1_T0002_B13 to Modem_info.csv
2020-07-30 08:18:51,663 - csvhandler - INFO - Write modemlist - KSINERGI_HP1_T0004_B13 to Modem_info.csv
2020-07-30 08:19:18,045 - csvhandler - INFO - Write modemlist - KSINERGI_HP1_T0005_B13 to Modem_info.csv
2020-07-30 08:20:16,485 - csvhandler - INFO - Write modemlist - KSINERGI_HP1_T0007_B13 to Modem_info.csv
2020-07-30 08:21:14,405 - csvhandler - INFO - Write modemlist - KSINERGI_HP3_T0003_B13 to Modem_info.csv
2020-07-30 08:21:41,929 - csvhandler - INFO - Write modemlist - PETRO1_HP1_T0034_B13 to Modem_info.csv
2020-07-30 08:22:08,079 - csvhandler - INFO - Write modemlist - PETRO1_HP1_T0035_B13 to Modem_info.csv
2020-07-30 08:22:34,643 - csvhandler - INFO - Write modemlist - PETRO1_HP1_T0063_B13 to Modem_info.csv
2020-07-30 08:23:01,173 - csvhandler - INFO - Write modemlist - PETRO1_HP1_T0065_B13 to Modem_info.csv
2020-07-30 08:23:29,345 - csvhandler - INFO - Write modemlist - PETRO1_HP1_T0066_B13 to Modem_info.csv
2020-07-30 08:23:55,806 - csvhandler - INFO - Write modemlist - PETRO1_HP1_T0070_B13 to Modem_info.csv
2020-07-30 08:24:22,457 - csvhandler - INFO - Write modemlist - PETRO1_HP1_T0071_B13 to Modem_info.csv
2020-07-30 08:24:50,255 - csvhandler - INFO - Write modemlist - PETRO1_HP1_T0078_B13 to Modem_info.csv
2020-07-30 08:25:16,875 - csvhandler - INFO - Write modemlist - Test-JAV-1-13 to Modem_info.csv
2020-07-30 08:25:44,718 - csvhandler - INFO - Write modemlist - PETRO1_HP1_T0001_B10 to Modem_info.csv
2020-07-30 08:26:11,043 - csvhandler - INFO - Write modemlist - PETRO1_HP1_T0002_B10 to Modem_info.csv
2020-07-30 08:26:37,645 - csvhandler - INFO - Write modemlist - PETRO1_HP1_T0003_B10 to Modem_info.csv
2020-07-30 08:27:04,919 - csvhandler - INFO - Write modemlist - PETRO1_HP1_T0004_B10 to Modem_info.csv
2020-07-30 08:27:31,441 - csvhandler - INFO - Write modemlist - PETRO1_HP1_T0005_B10 to Modem_info.csv
2020-07-30 08:27:58,926 - csvhandler - INFO - Write modemlist - PETRO1_HP1_T0007_B10 to Modem_info.csv
2020-07-30 08:28:25,456 - csvhandler - INFO - Write modemlist - PETRO1_HP1_T0008_B10 to Modem_info.csv
2020-07-30 08:28:51,858 - csvhandler - INFO - Write modemlist - PETRO1_HP1_T0009_B10 to Modem_info.csv
2020-07-30 08:29:18,204 - csvhandler - INFO - Write modemlist - PETRO1_HP1_T0011_B10 to Modem_info.csv
2020-07-30 08:29:44,528 - csvhandler - INFO - Write modemlist - PETRO1_HP1_T0012_B10 to Modem_info.csv
2020-07-30 08:30:13,327 - csvhandler - INFO - Write modemlist - PETRO1_HP1_T0013_B10 to Modem_info.csv
2020-07-30 08:30:40,892 - csvhandler - INFO - Write modemlist - PETRO1_HP1_T0014_B10 to Modem_info.csv
2020-07-30 08:31:09,869 - csvhandler - INFO - Write modemlist - PETRO1_HP1_T0015_B10 to Modem_info.csv
2020-07-30 08:31:37,528 - csvhandler - INFO - Write modemlist - PETRO1_HP1_T0036_B10 to Modem_info.csv
2020-07-30 08:32:05,191 - csvhandler - INFO - Write modemlist - PETRO1_HP1_T0037_B10 to Modem_info.csv
2020-07-30 08:32:31,801 - csvhandler - INFO - Write modemlist - PETRO1_HP1_T0038_B10 to Modem_info.csv
2020-07-30 08:32:59,393 - csvhandler - INFO - Write modemlist - PETRO1_HP1_T0047_B10 to Modem_info.csv
2020-07-30 08:33:30,278 - csvhandler - INFO - Write modemlist - PETRO1_HP1_T0048_B10 to Modem_info.csv
2020-07-30 08:33:56,805 - csvhandler - INFO - Write modemlist - PETRO1_HP1_T0049_B10 to Modem_info.csv
2020-07-30 08:34:25,554 - csvhandler - INFO - Write modemlist - PETRO1_HP1_T0050_B10 to Modem_info.csv
2020-07-30 08:34:52,092 - csvhandler - INFO - Write modemlist - PETRO1_HP1_T0051_B10 to Modem_info.csv
2020-07-30 08:35:18,664 - csvhandler - INFO - Write modemlist - PETRO1_HP6_T0017_B10 to Modem_info.csv
2020-07-30 08:35:48,251 - csvhandler - INFO - Write modemlist - PETRO1_HP6_T0018_B10 to Modem_info.csv
2020-07-30 08:36:17,831 - csvhandler - INFO - Write modemlist - PETRO1_HP6_T0019_B10 to Modem_info.csv
2020-07-30 08:36:44,196 - csvhandler - INFO - Write modemlist - PETRO1_HP6_T0020_B10 to Modem_info.csv
2020-07-30 08:37:15,388 - csvhandler - INFO - Write modemlist - PETRO1_HP6_T0021_B10 to Modem_info.csv
2020-07-30 08:37:45,695 - csvhandler - INFO - Write modemlist - PETRO1_HP6_T0022_B10 to Modem_info.csv
2020-07-30 08:38:15,545 - csvhandler - INFO - Write modemlist - PETRO1_HP6_T0027_B10 to Modem_info.csv
2020-07-30 08:38:44,335 - csvhandler - INFO - Write modemlist - PETRO1_HP6_T0030_B10 to Modem_info.csv
2020-07-30 08:39:10,737 - csvhandler - INFO - Write modemlist - PETRO1_HP6_T0046_B10 to Modem_info.csv
2020-07-30 08:39:39,536 - csvhandler - INFO - Write modemlist - PETRO1_HP6_T0054_B10 to Modem_info.csv
2020-07-30 08:40:10,513 - csvhandler - INFO - Write modemlist - PETRO1_HP6_T0055_B10 to Modem_info.csv
2020-07-30 08:40:40,928 - csvhandler - INFO - Write modemlist - PETRO1_HP6_T0056_B10 to Modem_info.csv
